<?xml version="1.0" encoding="UTF-8"?>
<!-- Generated by org.testng.reporters.JUnitReportReporter -->
<testsuite skipped="0" hostname="LAPTOP-ADF0UDSS" name="com.ultimateqa.testsuite.SignInPageTest" tests="2" failures="0" timestamp="2022-12-11T19:05:34 GMT" time="24.431" errors="0">
  <testcase name="verifyTheErrorMessage" time="14.630" classname="com.ultimateqa.testsuite.SignInPageTest"/>
  <system-out>
    <![CDATA[Clicking on SignIn Link from Homepage [[ChromeDriver: chrome on WINDOWS (bc3b0c668d9015a93e88265571a1b1d3)] -> xpath: //li[@class = 'header__nav-item header__nav-sign-in']/a]
Enter email Manisha@gmail.com to email field [[ChromeDriver: chrome on WINDOWS (bc3b0c668d9015a93e88265571a1b1d3)] -> id: user[email]]
Enter password test123 to password field [[ChromeDriver: chrome on WINDOWS (bc3b0c668d9015a93e88265571a1b1d3)] -> id: user[password]]
Clicking on SignIn Button [[ChromeDriver: chrome on WINDOWS (bc3b0c668d9015a93e88265571a1b1d3)] -> xpath: //button[contains(text(),'Sign in')]]
Verify the error message ‘Invalid email or password.’ is displayed[[ChromeDriver: chrome on WINDOWS (bc3b0c668d9015a93e88265571a1b1d3)] -> class name: form-error__list-item]
Click to see screenshot
<a target = "_blank" href=C:\Users\balar\IdeaProjects\ultimateqa-Pagefactory-Project2-ManishaMavani/test-output/html/verifyTheErrorMessageSun_Dec_11_19_05_32_GMT_2022.jpg>Screenshot</a>
<br>
<br>
<a target = "_blank" href=C:\Users\balar\IdeaProjects\ultimateqa-Pagefactory-Project2-ManishaMavani/test-output/html/verifyTheErrorMessageSun_Dec_11_19_05_32_GMT_2022.jpg><img src=C:\Users\balar\IdeaProjects\ultimateqa-Pagefactory-Project2-ManishaMavani/test-output/html/verifyTheErrorMessageSun_Dec_11_19_05_32_GMT_2022.jpg height=200 width=200></img></a>]]>
  </system-out>
  <testcase name="userShouldNavigateToLoginPageSuccessfully" time="9.801" classname="com.ultimateqa.testsuite.SignInPageTest"/>
  <system-out>
    <![CDATA[Clicking on SignIn Link from Homepage [[ChromeDriver: chrome on WINDOWS (20cb073c42f87a4ca7810dc3fb906625)] -> xpath: //li[@class = 'header__nav-item header__nav-sign-in']/a]
Verify the text ‘Welcome Back!’ is displayed[[ChromeDriver: chrome on WINDOWS (20cb073c42f87a4ca7810dc3fb906625)] -> xpath: //h2[contains(text(),'Welcome Back!')]]
Click to see screenshot
<a target = "_blank" href=C:\Users\balar\IdeaProjects\ultimateqa-Pagefactory-Project2-ManishaMavani/test-output/html/userShouldNavigateToLoginPageSuccessfullySun_Dec_11_19_05_19_GMT_2022.jpg>Screenshot</a>
<br>
<br>
<a target = "_blank" href=C:\Users\balar\IdeaProjects\ultimateqa-Pagefactory-Project2-ManishaMavani/test-output/html/userShouldNavigateToLoginPageSuccessfullySun_Dec_11_19_05_19_GMT_2022.jpg><img src=C:\Users\balar\IdeaProjects\ultimateqa-Pagefactory-Project2-ManishaMavani/test-output/html/userShouldNavigateToLoginPageSuccessfullySun_Dec_11_19_05_19_GMT_2022.jpg height=200 width=200></img></a>]]>
  </system-out>
</testsuite> <!-- com.ultimateqa.testsuite.SignInPageTest -->
